{"level":"info","message":"Express server running","service":"user-service","timestamp":"2025-11-23T19:04:18.895Z"}
<<<<<<< HEAD
{"level":"info","message":"Express server running","service":"user-service","timestamp":"2025-11-25T09:59:19.384Z"}
{"level":"info","message":"Express server running","service":"user-service","timestamp":"2025-11-25T10:04:11.904Z"}
{"level":"info","message":"Express server running","service":"user-service","timestamp":"2025-11-25T10:08:25.428Z"}
{"level":"info","message":"Express server running","service":"user-service","timestamp":"2025-11-25T10:10:40.165Z"}
{"level":"info","message":"Express server running","service":"user-service","timestamp":"2025-11-25T10:13:13.614Z"}
{"level":"info","message":"Express server running","service":"user-service","timestamp":"2025-11-25T10:15:10.774Z"}
{"level":"info","message":"Express server running","service":"user-service","timestamp":"2025-11-25T10:16:59.056Z"}
{"level":"info","message":"Express server running","service":"user-service","timestamp":"2025-11-25T11:07:52.928Z"}
{"level":"info","message":"Express server running","service":"user-service","timestamp":"2025-11-25T11:08:18.653Z"}
{"level":"info","message":"Express server running","service":"user-service","timestamp":"2025-11-25T11:08:56.268Z"}
{"level":"info","message":"Express server running","service":"user-service","timestamp":"2025-11-25T11:09:41.331Z"}
{"level":"info","message":"Express server running","service":"user-service","timestamp":"2025-11-25T11:13:58.959Z"}
{"level":"info","message":"Express server running","service":"user-service","timestamp":"2025-11-25T11:17:31.948Z"}
{"level":"error","message":"failed to start Express Server","service":"user-service","timestamp":"2025-11-25T11:26:35.369Z"}
{"level":"info","message":"Express server running","service":"user-service","timestamp":"2025-11-25T11:26:35.375Z"}
{"level":"info","message":"Express server running","service":"user-service","timestamp":"2025-11-25T11:26:53.816Z"}
{"level":"info","message":"Express server running","service":"user-service","timestamp":"2025-11-25T11:28:26.515Z"}
{"level":"info","message":"Express server running","service":"user-service","timestamp":"2025-11-25T12:03:50.160Z"}
{"level":"info","message":"Express server running","service":"user-service","timestamp":"2025-11-25T12:23:03.243Z"}
{"level":"info","message":"Express server running","service":"user-service","timestamp":"2025-11-25T17:41:54.861Z"}
{"level":"info","message":"Express server running","service":"user-service","timestamp":"2025-11-25T17:49:20.047Z"}
{"level":"info","message":"Express server running","service":"user-service","timestamp":"2025-11-25T17:49:34.226Z"}
{"level":"info","message":"Express server running","service":"user-service","timestamp":"2025-11-25T17:50:32.486Z"}
{"level":"info","message":"Express server running","service":"user-service","timestamp":"2025-11-25T17:50:57.389Z"}
{"level":"info","message":"Express server running","service":"user-service","timestamp":"2025-11-25T17:52:14.181Z"}
{"level":"info","message":"Express server running","service":"user-service","timestamp":"2025-11-25T18:34:32.521Z"}
{"level":"info","message":"Express server running","service":"user-service","timestamp":"2025-11-25T18:49:15.678Z"}
{"level":"info","message":"Express server running","service":"user-service","timestamp":"2025-11-25T18:49:35.322Z"}
{"level":"info","message":"Express server running","service":"user-service","timestamp":"2025-11-25T18:49:54.244Z"}
{"level":"info","message":"Express server running","service":"user-service","timestamp":"2025-11-25T18:53:11.406Z"}
{"level":"info","message":"Express server running","service":"user-service","timestamp":"2025-11-25T19:00:32.288Z"}
{"level":"info","message":"Express server running","service":"user-service","timestamp":"2025-11-26T09:15:45.778Z"}
{"level":"info","message":"Express server running","service":"user-service","timestamp":"2025-11-26T09:55:04.461Z"}
{"level":"info","message":"Express server running","service":"user-service","timestamp":"2025-11-26T10:39:54.797Z"}
{"level":"info","message":"Express server running","service":"user-service","timestamp":"2025-11-26T11:17:50.288Z"}
{"level":"info","message":"Express server running","service":"user-service","timestamp":"2025-11-26T11:24:29.832Z"}
{"level":"info","message":"Express server running","service":"user-service","timestamp":"2025-11-26T11:26:41.555Z"}
{"level":"info","message":"Express server running","service":"user-service","timestamp":"2025-11-26T11:37:25.980Z"}
{"level":"info","message":"Express server running","service":"user-service","timestamp":"2025-11-26T11:41:46.353Z"}
{"level":"info","message":"Express server running","service":"user-service","timestamp":"2025-11-26T11:44:32.808Z"}
{"level":"info","message":"Express server running","service":"user-service","timestamp":"2025-11-26T11:45:46.522Z"}
{"level":"info","message":"Express server running","service":"user-service","timestamp":"2025-11-26T11:52:43.197Z"}
{"level":"info","message":"Express server running","service":"user-service","timestamp":"2025-11-26T11:56:11.765Z"}
{"level":"info","message":"Express server running","service":"user-service","timestamp":"2025-11-26T11:57:21.759Z"}
{"level":"info","message":"Express server running","service":"user-service","timestamp":"2025-11-26T12:07:18.186Z"}
{"level":"info","message":"Express server running","service":"user-service","timestamp":"2025-11-26T12:09:49.657Z"}
{"level":"info","message":"Express server running","service":"user-service","timestamp":"2025-11-26T12:10:22.918Z"}
{"level":"info","message":"Express server running","service":"user-service","timestamp":"2025-11-26T12:19:24.042Z"}
{"level":"info","message":"Express server running","service":"user-service","timestamp":"2025-11-26T12:20:21.096Z"}
{"level":"info","message":"Express server running","service":"user-service","timestamp":"2025-11-26T12:20:41.462Z"}
{"level":"error","message":"failed to start Express Server","service":"user-service","timestamp":"2025-11-26T12:25:13.935Z"}
{"level":"info","message":"Express server running","service":"user-service","timestamp":"2025-11-26T12:25:13.941Z"}
{"level":"info","message":"Express server running","service":"user-service","timestamp":"2025-11-26T18:30:43.038Z"}
{"level":"info","message":"Express server running","service":"user-service","timestamp":"2025-11-26T18:31:30.490Z"}
{"level":"info","message":"Express server running","service":"user-service","timestamp":"2025-11-26T18:32:11.007Z"}
{"level":"info","message":"Express server running","service":"user-service","timestamp":"2025-11-26T18:34:34.387Z"}
{"level":"info","message":"Express server running","service":"user-service","timestamp":"2025-11-26T18:36:22.341Z"}
{"level":"info","message":"Express server running","service":"user-service","timestamp":"2025-11-26T18:38:34.578Z"}
{"level":"info","message":"Express server running","service":"user-service","timestamp":"2025-11-26T18:56:09.295Z"}
{"level":"info","message":"Express server running","service":"user-service","timestamp":"2025-11-26T19:03:38.815Z"}
{"level":"error","message":"failed to start Express Server","service":"user-service","timestamp":"2025-11-26T19:27:08.722Z"}
{"level":"info","message":"Express server running","service":"user-service","timestamp":"2025-11-26T19:27:08.728Z"}
{"level":"error","message":"failed to start Express Server","service":"user-service","timestamp":"2025-11-26T19:28:48.683Z"}
{"level":"info","message":"Express server running","service":"user-service","timestamp":"2025-11-26T19:28:48.689Z"}
{"level":"info","message":"Express server running","service":"user-service","timestamp":"2025-11-26T19:29:32.283Z"}
{"level":"info","message":"Express server running","service":"user-service","timestamp":"2025-11-26T19:30:35.834Z"}
{"level":"info","message":"Express server running","service":"user-service","timestamp":"2025-11-26T19:58:18.001Z"}
{"level":"info","message":"Express server running","service":"user-service","timestamp":"2025-11-26T20:01:58.789Z"}
{"level":"info","message":"Express server running","service":"user-service","timestamp":"2025-11-26T20:02:56.804Z"}
{"level":"info","message":"Express server running","service":"user-service","timestamp":"2025-11-26T20:06:09.688Z"}
{"level":"info","message":"Express server running","service":"user-service","timestamp":"2025-11-26T20:07:18.734Z"}
{"level":"info","message":"Express server running","service":"user-service","timestamp":"2025-11-26T20:07:39.509Z"}
{"level":"info","message":"Express server running","service":"user-service","timestamp":"2025-11-27T11:37:10.810Z"}
{"level":"info","message":"Express server running","service":"user-service","timestamp":"2025-11-27T11:53:41.131Z"}
{"level":"info","message":"Express server running","service":"user-service","timestamp":"2025-11-27T11:56:58.907Z"}
{"level":"info","message":"Express server running","service":"user-service","timestamp":"2025-11-27T11:58:07.038Z"}
{"level":"info","message":"Express server running","service":"user-service","timestamp":"2025-11-27T12:00:36.491Z"}
{"level":"info","message":"Express server running","service":"user-service","timestamp":"2025-11-27T12:25:39.625Z"}
{"level":"info","message":"Express server running","service":"user-service","timestamp":"2025-11-27T12:56:27.968Z"}
{"level":"info","message":"Express server running","service":"user-service","timestamp":"2025-11-27T13:03:23.937Z"}
{"level":"info","message":"Express server running","service":"user-service","timestamp":"2025-11-27T13:04:16.074Z"}
{"level":"info","message":"Express server running","service":"user-service","timestamp":"2025-11-27T13:05:00.094Z"}
{"level":"info","message":"Express server running","service":"user-service","timestamp":"2025-11-27T13:24:52.829Z"}
{"level":"info","message":"Express server running","service":"user-service","timestamp":"2025-11-27T13:45:55.806Z"}
{"level":"info","message":"Express server running","service":"user-service","timestamp":"2025-11-27T15:06:18.111Z"}
=======
>>>>>>> ec03548fd7d7c6c15e8fe5621bf7530e7478be45
